<?xml version="1.0" encoding="UTF-8"?>
<!-- Generated by org.testng.reporters.JUnitXMLReporter -->
<testsuite hostname="MW-CHFV6ZTNY5NA" tests="1" failures="1" timestamp="9 Jan 2021 16:04:58 GMT" time="0.053" errors="0">
  <testcase name="LoginValid" time="0.024" classname="TestCase3">
    <failure type="java.lang.NullPointerException">
      <![CDATA[java.lang.NullPointerException
	at TestCase3.LoginValid(TestCase3.java:21)
... Removed 24 stack frames]]>
    </failure>
  </testcase> <!-- LoginValid -->
</testsuite>
