<?xml version="1.0" encoding="UTF-8"?>
<testng-results skipped="0" failed="1" total="1" passed="0">
  <reporter-output>
  </reporter-output>
  <suite name="TestNGLearning" duration-ms="53" started-at="2021-01-09T16:04:58Z" finished-at="2021-01-09T16:04:58Z">
    <groups>
      <group name="bvt">
        <method signature="TestCase3.LoginValid()[pri:0, instance:TestCase3@18be83e4]" name="LoginValid" class="TestCase3"/>
      </group> <!-- bvt -->
    </groups>
    <test name="Test" duration-ms="53" started-at="2021-01-09T16:04:58Z" finished-at="2021-01-09T16:04:58Z">
      <class name="TestCase3">
        <test-method status="PASS" signature="launchBrowser()[pri:0, instance:TestCase3@18be83e4]" name="launchBrowser" is-config="true" duration-ms="40567" started-at="2021-01-09T21:34:18Z" finished-at="2021-01-09T21:34:58Z">
          <reporter-output>
          </reporter-output>
        </test-method> <!-- launchBrowser -->
        <test-method status="FAIL" signature="LoginValid()[pri:0, instance:TestCase3@18be83e4]" name="LoginValid" duration-ms="24" started-at="2021-01-09T21:34:58Z" finished-at="2021-01-09T21:34:58Z">
          <exception class="java.lang.NullPointerException">
            <full-stacktrace>
              <![CDATA[java.lang.NullPointerException
	at TestCase3.LoginValid(TestCase3.java:21)
	at sun.reflect.NativeMethodAccessorImpl.invoke0(Native Method)
	at sun.reflect.NativeMethodAccessorImpl.invoke(Unknown Source)
	at sun.reflect.DelegatingMethodAccessorImpl.invoke(Unknown Source)
	at java.lang.reflect.Method.invoke(Unknown Source)
	at org.testng.internal.MethodInvocationHelper.invokeMethod(MethodInvocationHelper.java:85)
	at org.testng.internal.Invoker.invokeMethod(Invoker.java:639)
	at org.testng.internal.Invoker.invokeTestMethod(Invoker.java:816)
	at org.testng.internal.Invoker.invokeTestMethods(Invoker.java:1124)
	at org.testng.internal.TestMethodWorker.invokeTestMethods(TestMethodWorker.java:125)
	at org.testng.internal.TestMethodWorker.run(TestMethodWorker.java:108)
	at org.testng.TestRunner.privateRun(TestRunner.java:774)
	at org.testng.TestRunner.run(TestRunner.java:624)
	at org.testng.SuiteRunner.runTest(SuiteRunner.java:359)
	at org.testng.SuiteRunner.runSequentially(SuiteRunner.java:354)
	at org.testng.SuiteRunner.privateRun(SuiteRunner.java:312)
	at org.testng.SuiteRunner.run(SuiteRunner.java:261)
	at org.testng.SuiteRunnerWorker.runSuite(SuiteRunnerWorker.java:52)
	at org.testng.SuiteRunnerWorker.run(SuiteRunnerWorker.java:86)
	at org.testng.TestNG.runSuitesSequentially(TestNG.java:1215)
	at org.testng.TestNG.runSuitesLocally(TestNG.java:1140)
	at org.testng.TestNG.run(TestNG.java:1048)
	at org.testng.remote.AbstractRemoteTestNG.run(AbstractRemoteTestNG.java:132)
	at org.testng.remote.RemoteTestNG.initAndRun(RemoteTestNG.java:236)
	at org.testng.remote.RemoteTestNG.main(RemoteTestNG.java:81)
]]>
            </full-stacktrace>
          </exception> <!-- java.lang.NullPointerException -->
          <reporter-output>
          </reporter-output>
        </test-method> <!-- LoginValid -->
        <test-method status="PASS" signature="closeBrowser()[pri:0, instance:TestCase3@18be83e4]" name="closeBrowser" is-config="true" duration-ms="0" started-at="2021-01-09T21:34:58Z" finished-at="2021-01-09T21:34:58Z">
          <reporter-output>
          </reporter-output>
        </test-method> <!-- closeBrowser -->
      </class> <!-- TestCase3 -->
    </test> <!-- Test -->
  </suite> <!-- TestNGLearning -->
</testng-results>
